{
  "RSpec": {
    "coverage": {
      "/workspaces/stweak/app/drivers/web_admin/lib/reader.rb": {
        "lines": [
          null,
          null,
          null,
          1,
          1,
          null,
          1,
          null,
          null,
          1,
          1,
          null,
          1,
          1,
          null,
          null,
          null,
          null,
          null,
          1,
          9,
          9,
          9,
          null,
          null,
          null,
          null,
          null,
          2,
          1,
          3,
          null,
          null,
          null,
          2,
          1,
          5,
          null,
          null,
          null,
          2,
          1,
          2,
          null,
          null,
          null,
          2,
          1,
          1,
          null,
          null,
          null,
          null,
          null,
          null
        ],
        "branches": {}
      },
      "/workspaces/stweak/app/drivers/web_admin/lib/web_admin.rb": {
        "lines": [
          null,
          null,
          null,
          1,
          1,
          null,
          1,
          null,
          null,
          null,
          null,
          null,
          1,
          1,
          null,
          null,
          1,
          null,
          null,
          null,
          1,
          null,
          null,
          1,
          17,
          null,
          null,
          1,
          null,
          null,
          null,
          1,
          1,
          null,
          null,
          1,
          5,
          5,
          5,
          3,
          3,
          null,
          2,
          2,
          2,
          null,
          null,
          null,
          null,
          1,
          3,
          3,
          null,
          null,
          null,
          1,
          3,
          3,
          2,
          2,
          null,
          1,
          1,
          null,
          null,
          null,
          null
        ],
        "branches": {
          "[:if, 0, 25, 8, 25, 66]": {
            "[:then, 1, 25, 48, 25, 53]": 6,
            "[:else, 2, 25, 56, 25, 66]": 11
          },
          "[:if, 3, 39, 6, 46, 9]": {
            "[:then, 4, 40, 8, 41, 22]": 3,
            "[:else, 5, 43, 8, 45, 18]": 2
          },
          "[:if, 6, 58, 6, 64, 9]": {
            "[:then, 7, 59, 8, 60, 20]": 2,
            "[:else, 8, 62, 8, 63, 22]": 1
          }
        }
      },
      "/workspaces/stweak/app/drivers/web_admin/lib/wiring.rb": {
        "lines": [
          null,
          null,
          null,
          1,
          1,
          1,
          1,
          1,
          1,
          1,
          1,
          1,
          1,
          1,
          1,
          1,
          1,
          1,
          1,
          null,
          1,
          null,
          1,
          null,
          null,
          null,
          null,
          null,
          null,
          null,
          null,
          1,
          1,
          null,
          null,
          1,
          null,
          null,
          null,
          null,
          null,
          null,
          2,
          1,
          2,
          2,
          null,
          null,
          null,
          null,
          null,
          null,
          null,
          null,
          null,
          null,
          null,
          2,
          1,
          4,
          2,
          1,
          1,
          null,
          null,
          null,
          null,
          null,
          null,
          2,
          1,
          3,
          3,
          1,
          1,
          1,
          null,
          null,
          null,
          null,
          null,
          null,
          null,
          null,
          2,
          1,
          2,
          null,
          null,
          null,
          null,
          null,
          null,
          null,
          null,
          null,
          null,
          null,
          2,
          1,
          2,
          null,
          null,
          null,
          null,
          null,
          null,
          null,
          null,
          null,
          null,
          2,
          1,
          3,
          3,
          null,
          1,
          null,
          1,
          null,
          1,
          null,
          null,
          null,
          null,
          null,
          null,
          2,
          1,
          3,
          3,
          3,
          1,
          1,
          1,
          null,
          null,
          null,
          null,
          null,
          null,
          null,
          2,
          1,
          2,
          null,
          null,
          null,
          null,
          null,
          null,
          null,
          null,
          null,
          2,
          1,
          1,
          null,
          null,
          null
        ],
        "branches": {
          "[:case, 0, 60, 6, 64, 9]": {
            "[:when, 1, 61, 25, 61, 66]": 2,
            "[:when, 2, 62, 25, 62, 77]": 1,
            "[:else, 3, 63, 11, 63, 90]": 1
          },
          "[:case, 4, 73, 6, 77, 9]": {
            "[:when, 5, 74, 24, 74, 72]": 1,
            "[:when, 6, 75, 25, 75, 73]": 1,
            "[:else, 7, 76, 11, 76, 65]": 1
          },
          "[:case, 8, 115, 6, 122, 9]": {
            "[:when, 9, 117, 8, 117, 114]": 1,
            "[:when, 10, 119, 8, 119, 70]": 1,
            "[:else, 11, 121, 8, 121, 69]": 1
          },
          "[:case, 12, 132, 6, 136, 9]": {
            "[:when, 13, 133, 27, 133, 104]": 1,
            "[:when, 14, 134, 25, 134, 77]": 1,
            "[:else, 15, 135, 11, 135, 67]": 1
          }
        }
      }
    },
    "timestamp": 1787310775
  }
}
