SF:./lib/reader.rb
DA:4,1
DA:5,1
DA:7,1
DA:10,1
DA:11,1
DA:13,1
DA:14,1
DA:20,1
DA:21,9
DA:22,9
DA:23,9
DA:29,2
DA:30,1
DA:31,3
DA:35,2
DA:36,1
DA:37,5
DA:41,2
DA:42,1
DA:43,2
DA:47,2
DA:48,1
DA:49,1
LF:23
LH:23
BRF:0
BRH:0
end_of_record
SF:./lib/web_admin.rb
DA:4,1
DA:5,1
DA:7,1
DA:13,1
DA:14,1
DA:17,1
DA:21,1
DA:24,1
DA:25,17
DA:28,1
DA:32,1
DA:33,1
DA:36,1
DA:37,5
DA:38,5
DA:39,5
DA:40,3
DA:41,3
DA:43,2
DA:44,2
DA:45,2
DA:50,1
DA:51,3
DA:52,3
DA:56,1
DA:57,3
DA:58,3
DA:59,2
DA:60,2
DA:62,1
DA:63,1
LF:31
LH:31
BRDA:25,0,1,6
BRDA:25,0,2,11
BRDA:39,0,3,3
BRDA:42,0,4,2
BRDA:58,0,5,2
BRDA:61,0,6,1
BRF:6
BRH:6
end_of_record
SF:./lib/wiring.rb
DA:4,1
DA:5,1
DA:6,1
DA:7,1
DA:8,1
DA:9,1
DA:10,1
DA:11,1
DA:12,1
DA:13,1
DA:14,1
DA:15,1
DA:16,1
DA:17,1
DA:18,1
DA:19,1
DA:21,1
DA:23,1
DA:32,1
DA:33,1
DA:36,1
DA:43,2
DA:44,1
DA:45,2
DA:46,2
DA:58,2
DA:59,1
DA:60,4
DA:61,2
DA:62,1
DA:63,1
DA:70,2
DA:71,1
DA:72,3
DA:73,3
DA:74,1
DA:75,1
DA:76,1
DA:85,2
DA:86,1
DA:87,2
DA:99,2
DA:100,1
DA:101,2
DA:112,2
DA:113,1
DA:114,3
DA:115,3
DA:117,1
DA:119,1
DA:121,1
DA:128,2
DA:129,1
DA:130,3
DA:131,3
DA:132,3
DA:133,1
DA:134,1
DA:135,1
DA:143,2
DA:144,1
DA:145,2
DA:155,2
DA:156,1
DA:157,1
LF:65
LH:65
BRDA:60,0,1,2
BRDA:61,0,2,1
BRDA:62,0,3,1
BRDA:73,0,4,1
BRDA:74,0,5,1
BRDA:75,0,6,1
BRDA:116,0,7,1
BRDA:118,0,8,1
BRDA:120,0,9,1
BRDA:132,0,10,1
BRDA:133,0,11,1
BRDA:134,0,12,1
BRF:12
BRH:12
end_of_record
