{
  "RSpec": {
    "coverage": {
      "/workspaces/stweak/app/adapters/security/bcrypt_password_hasher.rb": {
        "lines": [
          null,
          null,
          null,
          1,
          1,
          1,
          null,
          1,
          1,
          null,
          null,
          null,
          null,
          null,
          null,
          1,
          1,
          null,
          1,
          null,
          null,
          null,
          2,
          1,
          null,
          null,
          6,
          null,
          null,
          null,
          null,
          null,
          null,
          null,
          null,
          2,
          1,
          3,
          null,
          1,
          null,
          null,
          null,
          null
        ],
        "branches": {}
      }
    },
    "timestamp": 1787310497
  }
}
